
Showing logs for build [32mcb-kubecd-environment-pr-186-6-6m4nn-1[0m stage [32mfrom-build-pack[0m and container [32mstep-credential-initializer-b6mqk[0m
{"level":"warn","ts":1584730280.427974,"logger":"fallback-logger","caller":"logging/config.go:69","msg":"Fetch GitHub commit ID from kodata failed: \"ref: refs/heads/0.8.0-**-support-backwards-incompats\" is not a valid GitHub commit ID"}
{"level":"info","ts":1584730280.4318993,"logger":"fallback-logger","caller":"creds-init/main.go:40","msg":"Credentials initialized."}

Showing logs for build [32mcb-kubecd-environment-pr-186-6-6m4nn-1[0m stage [32mfrom-build-pack[0m and container [32mstep-working-dir-initializer-6jntl[0m
{"level":"warn","ts":1584730281.0553503,"logger":"fallback-logger","caller":"logging/config.go:69","msg":"Fetch GitHub commit ID from kodata failed: open /var/run/ko/HEAD: no such file or directory"}
{"level":"info","ts":1584730281.0568178,"logger":"fallback-logger","caller":"bash/main.go:64","msg":"Successfully executed command \"sh -c mkdir -p /workspace/source\"; output "}

Showing logs for build [32mcb-kubecd-environment-pr-186-6-6m4nn-1[0m stage [32mfrom-build-pack[0m and container [32mstep-place-tools[0m

Showing logs for build [32mcb-kubecd-environment-pr-186-6-6m4nn-1[0m stage [32mfrom-build-pack[0m and container [32mstep-git-source-cb-kubecd-environment-pr-186-6-6m4nn-79gh2[0m
{"level":"warn","ts":1584730285.3764248,"logger":"fallback-logger","caller":"logging/config.go:69","msg":"Fetch GitHub commit ID from kodata failed: \"ref: refs/heads/0.8.0-**-support-backwards-incompats\" is not a valid GitHub commit ID"}
{"level":"info","ts":1584730286.4232447,"logger":"fallback-logger","caller":"git/git.go:103","msg":"Successfully cloned https://github.com/cb-kubecd/environment-pr-186-6-boot-vault-gke-production.git @ master in path /workspace/source"}

Showing logs for build [32mcb-kubecd-environment-pr-186-6-6m4nn-1[0m stage [32mfrom-build-pack[0m and container [32mstep-git-merge[0m
Using SHAs from PULL_REFS=master:47b4b3e5ab76c85c1a967b666b4b6812da31b8a5,1:2f74d87226a7cd1b2c397b531959cd9e61ae3fbe
DEBUG: JX_LOG_LEVEL=error LC_ALL=C git fetch origin --unshallow 2f74d87226a7cd1b2c397b531959cd9e61ae3fbe: 47b4b3e5ab76c85c1a967b666b4b6812da31b8a5:
DEBUG: ran git fetch --unshallow origin 2f74d87226a7cd1b2c397b531959cd9e61ae3fbe: 47b4b3e5ab76c85c1a967b666b4b6812da31b8a5: in 
DEBUG: LC_ALL=C JX_LOG_LEVEL=error git branch
DEBUG: LC_ALL=C JX_LOG_LEVEL=error git checkout master
DEBUG: ran git checkout master in 
DEBUG: LC_ALL=C JX_LOG_LEVEL=error git reset --hard 47b4b3e5ab76c85c1a967b666b4b6812da31b8a5
DEBUG: ran git reset --hard 47b4b3e5ab76c85c1a967b666b4b6812da31b8a5 in 
DEBUG: LC_ALL=C JX_LOG_LEVEL=error git clean -fd .
DEBUG: ran clean --force -d . in 
DEBUG: LC_ALL=C JX_LOG_LEVEL=error git merge 2f74d87226a7cd1b2c397b531959cd9e61ae3fbe
DEBUG: ran git merge 2f74d87226a7cd1b2c397b531959cd9e61ae3fbe in 
DEBUG: LC_ALL=C JX_LOG_LEVEL=error git log --format=%H%x1f%an%x1f%ae%x1f%cn%x1f%ce%x1f%s%n%b%x1e 47b4b3e5ab76c85c1a967b666b4b6812da31b8a5..HEAD
Merged SHA 2f74d87226a7cd1b2c397b531959cd9e61ae3fbe with commit message 'chore: Promote bdd-spring-1584728967 to version 0.0.1' into base branch master

Showing logs for build [32mcb-kubecd-environment-pr-186-6-6m4nn-1[0m stage [32mfrom-build-pack[0m and container [32mstep-build-helm-build[0m
WARNING: No $CHART_REPOSITORY defined so using the default value of: http://jenkins-x-chartmuseum:8080
Adding missing Helm repo: storage.googleapis.com https://storage.googleapis.com/chartmuseum.jenkins-x.io
WARNING: No secrets found on "helm/repos" due: reading the secret "helm/repos" from vault: no secret "helm/repos" not found in vault
Read credentials for https://storage.googleapis.com/chartmuseum.jenkins-x.io from vault helm/repos
Successfully added Helm repository storage.googleapis.com.
Adding missing Helm repo: jenkins-x-chartmuseum http://jenkins-x-chartmuseum:8080
WARNING: No secrets found on "helm/repos" due: reading the secret "helm/repos" from vault: no secret "helm/repos" not found in vault
Read credentials for http://jenkins-x-chartmuseum:8080 from vault helm/repos
Successfully added Helm repository jenkins-x-chartmuseum.
WARNING: No $CHART_REPOSITORY defined so using the default value of: http://jenkins-x-chartmuseum:8080
Adding missing Helm repo: chartmuseum.jenkins-x.io http://chartmuseum.jenkins-x.io
WARNING: No secrets found on "helm/repos" due: reading the secret "helm/repos" from vault: no secret "helm/repos" not found in vault
Read credentials for http://chartmuseum.jenkins-x.io from vault helm/repos
Successfully added Helm repository chartmuseum.jenkins-x.io.
